<?xml version="1.0" encoding="UTF-8"?>
<testng-results ignored="0" total="1" passed="1" failed="0" skipped="0">
  <reporter-output>
  </reporter-output>
  <suite started-at="2024-08-24T14:50:47Z" name="Default suite" finished-at="2024-08-24T14:50:48Z" duration-ms="1383">
    <groups>
    </groups>
    <test started-at="2024-08-24T14:50:47Z" name="Default test" finished-at="2024-08-24T14:50:48Z" duration-ms="1383">
      <class name="loginTests.TC_01_Login">
        <test-method is-config="true" signature="startWebDriver()[pri:0, instance:loginTests.TC_01_Login@1cfd1875]" started-at="2024-08-24T08:50:47Z" name="startWebDriver" finished-at="2024-08-24T08:50:48Z" duration-ms="790" status="PASS">
          <reporter-output>
          </reporter-output>
        </test-method> <!-- startWebDriver -->
        <test-method signature="TC_01()[pri:0, instance:loginTests.TC_01_Login@1cfd1875]" started-at="2024-08-24T08:50:48Z" name="TC_01" finished-at="2024-08-24T08:50:48Z" duration-ms="251" status="PASS">
          <reporter-output>
          </reporter-output>
        </test-method> <!-- TC_01 -->
        <test-method is-config="true" signature="closerDriver()[pri:0, instance:loginTests.TC_01_Login@1cfd1875]" started-at="2024-08-24T08:50:48Z" name="closerDriver" finished-at="2024-08-24T08:50:48Z" duration-ms="320" status="PASS">
          <reporter-output>
          </reporter-output>
        </test-method> <!-- closerDriver -->
      </class> <!-- loginTests.TC_01_Login -->
    </test> <!-- Default test -->
  </suite> <!-- Default suite -->
</testng-results>
